<?xml version="1.0" encoding="UTF-8"?>
<testsuite name="com.mindex.challenge.service.impl.EmployeeServiceImplTest" tests="1" skipped="0" failures="0" errors="0" timestamp="2023-03-31T20:52:42" hostname="DESKTOP-28CRF2M" time="0.021">
  <properties/>
  <testcase name="testCreateReadUpdate" classname="com.mindex.challenge.service.impl.EmployeeServiceImplTest" time="0.021"/>
  <system-out><![CDATA[2023-03-31 15:52:42.344  INFO 13208 --- [    Test worker] .b.t.c.SpringBootTestContextBootstrapper : Neither @ContextConfiguration nor @ContextHierarchy found for test class [com.mindex.challenge.service.impl.EmployeeServiceImplTest], using SpringBootContextLoader
2023-03-31 15:52:42.345  INFO 13208 --- [    Test worker] o.s.t.c.support.AbstractContextLoader    : Could not detect default resource locations for test class [com.mindex.challenge.service.impl.EmployeeServiceImplTest]: no resource found for suffixes {-context.xml, Context.groovy}.
2023-03-31 15:52:42.345  INFO 13208 --- [    Test worker] t.c.s.AnnotationConfigContextLoaderUtils : Could not detect default configuration classes for test class [com.mindex.challenge.service.impl.EmployeeServiceImplTest]: EmployeeServiceImplTest does not declare any static, non-private, non-final, nested classes annotated with @Configuration.
2023-03-31 15:52:42.351  INFO 13208 --- [    Test worker] .b.t.c.SpringBootTestContextBootstrapper : Found @SpringBootConfiguration com.mindex.challenge.ChallengeApplication for test class com.mindex.challenge.service.impl.EmployeeServiceImplTest
2023-03-31 15:52:42.353  INFO 13208 --- [    Test worker] .b.t.c.SpringBootTestContextBootstrapper : Loaded default TestExecutionListener class names from location [META-INF/spring.factories]: [org.springframework.boot.test.autoconfigure.restdocs.RestDocsTestExecutionListener, org.springframework.boot.test.autoconfigure.web.client.MockRestServiceServerResetTestExecutionListener, org.springframework.boot.test.autoconfigure.web.servlet.MockMvcPrintOnlyOnFailureTestExecutionListener, org.springframework.boot.test.autoconfigure.web.servlet.WebDriverTestExecutionListener, org.springframework.boot.test.mock.mockito.MockitoTestExecutionListener, org.springframework.boot.test.mock.mockito.ResetMocksTestExecutionListener, org.springframework.test.context.web.ServletTestExecutionListener, org.springframework.test.context.support.DirtiesContextBeforeModesTestExecutionListener, org.springframework.test.context.support.DependencyInjectionTestExecutionListener, org.springframework.test.context.support.DirtiesContextTestExecutionListener, org.springframework.test.context.transaction.TransactionalTestExecutionListener, org.springframework.test.context.jdbc.SqlScriptsTestExecutionListener, org.springframework.test.context.event.EventPublishingTestExecutionListener]
2023-03-31 15:52:42.353  INFO 13208 --- [    Test worker] .b.t.c.SpringBootTestContextBootstrapper : Using TestExecutionListeners: [org.springframework.test.context.web.ServletTestExecutionListener@53e3037f, org.springframework.test.context.support.DirtiesContextBeforeModesTestExecutionListener@76eeb7c7, org.springframework.boot.test.mock.mockito.MockitoTestExecutionListener@667639bc, org.springframework.boot.test.autoconfigure.SpringBootDependencyInjectionTestExecutionListener@22890fc4, org.springframework.test.context.support.DirtiesContextTestExecutionListener@693a0811, org.springframework.test.context.transaction.TransactionalTestExecutionListener@6a69da7e, org.springframework.test.context.jdbc.SqlScriptsTestExecutionListener@3d05b556, org.springframework.test.context.event.EventPublishingTestExecutionListener@57987a1d, org.springframework.boot.test.autoconfigure.restdocs.RestDocsTestExecutionListener@6e5b9a7f, org.springframework.boot.test.autoconfigure.web.client.MockRestServiceServerResetTestExecutionListener@4ac507e0, org.springframework.boot.test.autoconfigure.web.servlet.MockMvcPrintOnlyOnFailureTestExecutionListener@5afaa4eb, org.springframework.boot.test.autoconfigure.web.servlet.WebDriverTestExecutionListener@4ea6653b, org.springframework.boot.test.mock.mockito.ResetMocksTestExecutionListener@7c9c96f2]
2023-03-31 15:52:42.359 DEBUG 13208 --- [o-auto-1-exec-6] c.m.c.controller.CompensationController  : Received employee create request for [com.mindex.challenge.data.Employee@544c4a6a]
2023-03-31 15:52:42.359 DEBUG 13208 --- [o-auto-1-exec-6] c.m.c.service.impl.EmployeeServiceImpl   : Creating employee [com.mindex.challenge.data.Employee@544c4a6a]
2023-03-31 15:52:42.365 DEBUG 13208 --- [o-auto-1-exec-7] c.m.c.controller.CompensationController  : Received employee create request for id [d4c46b6f-0c6e-4b80-9f59-1d4860ae66c8]
2023-03-31 15:52:42.366 DEBUG 13208 --- [o-auto-1-exec-7] c.m.c.service.impl.EmployeeServiceImpl   : Reading employee with id [d4c46b6f-0c6e-4b80-9f59-1d4860ae66c8]
2023-03-31 15:52:42.371 DEBUG 13208 --- [o-auto-1-exec-8] c.m.c.controller.CompensationController  : Received employee create request for id [d4c46b6f-0c6e-4b80-9f59-1d4860ae66c8] and employee [com.mindex.challenge.data.Employee@4c485e3b]
2023-03-31 15:52:42.372 DEBUG 13208 --- [o-auto-1-exec-8] c.m.c.service.impl.EmployeeServiceImpl   : Updating employee [com.mindex.challenge.data.Employee@4c485e3b]
]]></system-out>
  <system-err><![CDATA[]]></system-err>
</testsuite>
