<?xml version="1.0" encoding="UTF-8"?>
<testsuite name="com.mindex.challenge.DataBootstrapTest" tests="1" skipped="0" failures="0" errors="0" timestamp="2023-03-30T14:39:14" hostname="DESKTOP-28CRF2M" time="0.003">
  <properties/>
  <testcase name="test" classname="com.mindex.challenge.DataBootstrapTest" time="0.003"/>
  <system-out><![CDATA[2023-03-30 09:39:14.765  INFO 9020 --- [    Test worker] .b.t.c.SpringBootTestContextBootstrapper : Neither @ContextConfiguration nor @ContextHierarchy found for test class [com.mindex.challenge.DataBootstrapTest], using SpringBootContextLoader
2023-03-30 09:39:14.766  INFO 9020 --- [    Test worker] o.s.t.c.support.AbstractContextLoader    : Could not detect default resource locations for test class [com.mindex.challenge.DataBootstrapTest]: no resource found for suffixes {-context.xml, Context.groovy}.
2023-03-30 09:39:14.767  INFO 9020 --- [    Test worker] t.c.s.AnnotationConfigContextLoaderUtils : Could not detect default configuration classes for test class [com.mindex.challenge.DataBootstrapTest]: DataBootstrapTest does not declare any static, non-private, non-final, nested classes annotated with @Configuration.
2023-03-30 09:39:14.768  INFO 9020 --- [    Test worker] .b.t.c.SpringBootTestContextBootstrapper : Found @SpringBootConfiguration com.mindex.challenge.ChallengeApplication for test class com.mindex.challenge.DataBootstrapTest
2023-03-30 09:39:14.769  INFO 9020 --- [    Test worker] .b.t.c.SpringBootTestContextBootstrapper : Loaded default TestExecutionListener class names from location [META-INF/spring.factories]: [org.springframework.boot.test.autoconfigure.restdocs.RestDocsTestExecutionListener, org.springframework.boot.test.autoconfigure.web.client.MockRestServiceServerResetTestExecutionListener, org.springframework.boot.test.autoconfigure.web.servlet.MockMvcPrintOnlyOnFailureTestExecutionListener, org.springframework.boot.test.autoconfigure.web.servlet.WebDriverTestExecutionListener, org.springframework.boot.test.mock.mockito.MockitoTestExecutionListener, org.springframework.boot.test.mock.mockito.ResetMocksTestExecutionListener, org.springframework.test.context.web.ServletTestExecutionListener, org.springframework.test.context.support.DirtiesContextBeforeModesTestExecutionListener, org.springframework.test.context.support.DependencyInjectionTestExecutionListener, org.springframework.test.context.support.DirtiesContextTestExecutionListener, org.springframework.test.context.transaction.TransactionalTestExecutionListener, org.springframework.test.context.jdbc.SqlScriptsTestExecutionListener, org.springframework.test.context.event.EventPublishingTestExecutionListener]
2023-03-30 09:39:14.770  INFO 9020 --- [    Test worker] .b.t.c.SpringBootTestContextBootstrapper : Using TestExecutionListeners: [org.springframework.test.context.web.ServletTestExecutionListener@104fc222, org.springframework.test.context.support.DirtiesContextBeforeModesTestExecutionListener@3dba9ad5, org.springframework.boot.test.mock.mockito.MockitoTestExecutionListener@622a4809, org.springframework.boot.test.autoconfigure.SpringBootDependencyInjectionTestExecutionListener@5e6da8e1, org.springframework.test.context.support.DirtiesContextTestExecutionListener@305d3fdc, org.springframework.test.context.transaction.TransactionalTestExecutionListener@59d87730, org.springframework.test.context.jdbc.SqlScriptsTestExecutionListener@69021602, org.springframework.test.context.event.EventPublishingTestExecutionListener@5a9b8163, org.springframework.boot.test.autoconfigure.restdocs.RestDocsTestExecutionListener@361f633, org.springframework.boot.test.autoconfigure.web.client.MockRestServiceServerResetTestExecutionListener@199a6098, org.springframework.boot.test.autoconfigure.web.servlet.MockMvcPrintOnlyOnFailureTestExecutionListener@60d1c7af, org.springframework.boot.test.autoconfigure.web.servlet.WebDriverTestExecutionListener@66c7c24f, org.springframework.boot.test.mock.mockito.ResetMocksTestExecutionListener@6a1b60ca]
]]></system-out>
  <system-err><![CDATA[]]></system-err>
</testsuite>
