<?xml version="1.0" encoding="UTF-8"?>
<testsuite name="com.mindex.challenge.DataBootstrapTest" tests="2" skipped="0" failures="0" errors="0" timestamp="2023-03-31T20:52:42" hostname="DESKTOP-28CRF2M" time="0.008">
  <properties/>
  <testcase name="test" classname="com.mindex.challenge.DataBootstrapTest" time="0.004"/>
  <testcase name="compBootstrapTest" classname="com.mindex.challenge.DataBootstrapTest" time="0.004"/>
  <system-out><![CDATA[2023-03-31 15:52:41.698  INFO 13208 --- [    Test worker] .b.t.c.SpringBootTestContextBootstrapper : Neither @ContextConfiguration nor @ContextHierarchy found for test class [com.mindex.challenge.DataBootstrapTest], using SpringBootContextLoader
2023-03-31 15:52:41.699  INFO 13208 --- [    Test worker] o.s.t.c.support.AbstractContextLoader    : Could not detect default resource locations for test class [com.mindex.challenge.DataBootstrapTest]: no resource found for suffixes {-context.xml, Context.groovy}.
2023-03-31 15:52:41.699  INFO 13208 --- [    Test worker] t.c.s.AnnotationConfigContextLoaderUtils : Could not detect default configuration classes for test class [com.mindex.challenge.DataBootstrapTest]: DataBootstrapTest does not declare any static, non-private, non-final, nested classes annotated with @Configuration.
2023-03-31 15:52:41.700  INFO 13208 --- [    Test worker] .b.t.c.SpringBootTestContextBootstrapper : Found @SpringBootConfiguration com.mindex.challenge.ChallengeApplication for test class com.mindex.challenge.DataBootstrapTest
2023-03-31 15:52:41.702  INFO 13208 --- [    Test worker] .b.t.c.SpringBootTestContextBootstrapper : Loaded default TestExecutionListener class names from location [META-INF/spring.factories]: [org.springframework.boot.test.autoconfigure.restdocs.RestDocsTestExecutionListener, org.springframework.boot.test.autoconfigure.web.client.MockRestServiceServerResetTestExecutionListener, org.springframework.boot.test.autoconfigure.web.servlet.MockMvcPrintOnlyOnFailureTestExecutionListener, org.springframework.boot.test.autoconfigure.web.servlet.WebDriverTestExecutionListener, org.springframework.boot.test.mock.mockito.MockitoTestExecutionListener, org.springframework.boot.test.mock.mockito.ResetMocksTestExecutionListener, org.springframework.test.context.web.ServletTestExecutionListener, org.springframework.test.context.support.DirtiesContextBeforeModesTestExecutionListener, org.springframework.test.context.support.DependencyInjectionTestExecutionListener, org.springframework.test.context.support.DirtiesContextTestExecutionListener, org.springframework.test.context.transaction.TransactionalTestExecutionListener, org.springframework.test.context.jdbc.SqlScriptsTestExecutionListener, org.springframework.test.context.event.EventPublishingTestExecutionListener]
2023-03-31 15:52:41.702  INFO 13208 --- [    Test worker] .b.t.c.SpringBootTestContextBootstrapper : Using TestExecutionListeners: [org.springframework.test.context.web.ServletTestExecutionListener@63fea887, org.springframework.test.context.support.DirtiesContextBeforeModesTestExecutionListener@75357c50, org.springframework.boot.test.mock.mockito.MockitoTestExecutionListener@1af3f8f4, org.springframework.boot.test.autoconfigure.SpringBootDependencyInjectionTestExecutionListener@118f9e82, org.springframework.test.context.support.DirtiesContextTestExecutionListener@723a6a4, org.springframework.test.context.transaction.TransactionalTestExecutionListener@59aa9dec, org.springframework.test.context.jdbc.SqlScriptsTestExecutionListener@5c9bea75, org.springframework.test.context.event.EventPublishingTestExecutionListener@310d04ea, org.springframework.boot.test.autoconfigure.restdocs.RestDocsTestExecutionListener@2b8192e9, org.springframework.boot.test.autoconfigure.web.client.MockRestServiceServerResetTestExecutionListener@26493f88, org.springframework.boot.test.autoconfigure.web.servlet.MockMvcPrintOnlyOnFailureTestExecutionListener@2582b176, org.springframework.boot.test.autoconfigure.web.servlet.WebDriverTestExecutionListener@7cf1cb78, org.springframework.boot.test.mock.mockito.ResetMocksTestExecutionListener@5b4008d5]

  .   ____          _            __ _ _
 /\\ / ___'_ __ _ _(_)_ __  __ _ \ \ \ \
( ( )\___ | '_ | '_| | '_ \/ _` | \ \ \ \
 \\/  ___)| |_)| | | | | || (_| |  ) ) ) )
  '  |____| .__|_| |_|_| |_\__, | / / / /
 =========|_|==============|___/=/_/_/_/
 :: Spring Boot ::        (v2.2.0.RELEASE)

2023-03-31 15:52:41.729  INFO 13208 --- [    Test worker] com.mindex.challenge.DataBootstrapTest   : Starting DataBootstrapTest on DESKTOP-28CRF2M with PID 13208 (started by Lily in C:\Users\Lily\Downloads\mindex-java-code-challenge\mindex-java-code-challenge)
2023-03-31 15:52:41.729 DEBUG 13208 --- [    Test worker] com.mindex.challenge.DataBootstrapTest   : Running with Spring Boot v2.2.0.RELEASE, Spring v5.2.0.RELEASE
2023-03-31 15:52:41.730  INFO 13208 --- [    Test worker] com.mindex.challenge.DataBootstrapTest   : No active profile set, falling back to default profiles: default
2023-03-31 15:52:41.838  INFO 13208 --- [    Test worker] .s.d.r.c.RepositoryConfigurationDelegate : Bootstrapping Spring Data repositories in DEFAULT mode.
2023-03-31 15:52:41.844  INFO 13208 --- [    Test worker] .s.d.r.c.RepositoryConfigurationDelegate : Finished Spring Data repository scanning in 6ms. Found 2 repository interfaces.
2023-03-31 15:52:41.940  INFO 13208 --- [    Test worker] de.bwaldvogel.mongo.MongoServer          : started MongoServer(port: 62147, ssl: false)
2023-03-31 15:52:41.941  INFO 13208 --- [    Test worker] org.mongodb.driver.cluster               : Cluster created with settings {hosts=[127.0.0.1:62147], mode=SINGLE, requiredClusterType=UNKNOWN, serverSelectionTimeout='30000 ms', maxWaitQueueSize=500}
2023-03-31 15:52:41.943  INFO 13208 --- [-server-worker1] d.b.mongo.wire.MongoWireProtocolHandler  : client [id: 0x0ee0385e, L:/127.0.0.1:62147 - R:/127.0.0.1:62148] connected
2023-03-31 15:52:41.948  WARN 13208 --- [    Test worker] o.s.data.convert.CustomConversions       : Registering converter from class java.time.LocalDateTime to class java.time.Instant as reading converter although it doesn't convert from a store-supported type! You might wanna check you annotation setup at the converter implementation.
2023-03-31 15:52:41.949  WARN 13208 --- [    Test worker] o.s.data.convert.CustomConversions       : Registering converter from class java.time.Instant to class java.time.LocalDateTime as reading converter although it doesn't convert from a store-supported type! You might wanna check you annotation setup at the converter implementation.
2023-03-31 15:52:41.950  INFO 13208 --- [127.0.0.1:62147] org.mongodb.driver.connection            : Opened connection [connectionId{localValue:3}] to 127.0.0.1:62147
2023-03-31 15:52:41.950  WARN 13208 --- [    Test worker] o.s.data.convert.CustomConversions       : Registering converter from class java.time.LocalDateTime to class java.time.Instant as reading converter although it doesn't convert from a store-supported type! You might wanna check you annotation setup at the converter implementation.
2023-03-31 15:52:41.950  WARN 13208 --- [    Test worker] o.s.data.convert.CustomConversions       : Registering converter from class java.time.Instant to class java.time.LocalDateTime as reading converter although it doesn't convert from a store-supported type! You might wanna check you annotation setup at the converter implementation.
2023-03-31 15:52:41.950  INFO 13208 --- [127.0.0.1:62147] org.mongodb.driver.cluster               : Monitor thread successfully connected to server with description ServerDescription{address=127.0.0.1:62147, type=STANDALONE, state=CONNECTED, ok=true, version=ServerVersion{versionList=[3, 0, 0]}, minWireVersion=0, maxWireVersion=2, maxDocumentSize=16777216, logicalSessionTimeoutMinutes=null, roundTripTimeNanos=539300}
2023-03-31 15:52:42.000  INFO 13208 --- [-server-worker2] d.b.mongo.wire.MongoWireProtocolHandler  : client [id: 0xa0c67494, L:/127.0.0.1:62147 - R:/127.0.0.1:62149] connected
2023-03-31 15:52:42.004  INFO 13208 --- [    Test worker] org.mongodb.driver.connection            : Opened connection [connectionId{localValue:4}] to 127.0.0.1:62147
2023-03-31 15:52:42.005  INFO 13208 --- [-server-worker2] d.b.mongo.backend.AbstractMongoBackend   : created database test
2023-03-31 15:52:42.005  INFO 13208 --- [-server-worker2] d.b.mongo.backend.AbstractMongoDatabase  : adding unique _id index for collection employee
2023-03-31 15:52:42.005  INFO 13208 --- [-server-worker2] d.b.mongo.backend.AbstractMongoDatabase  : created collection test.employee
2023-03-31 15:52:42.015  INFO 13208 --- [-server-worker2] d.b.mongo.backend.AbstractMongoDatabase  : adding unique _id index for collection compensation
2023-03-31 15:52:42.015  INFO 13208 --- [-server-worker2] d.b.mongo.backend.AbstractMongoDatabase  : created collection test.compensation
2023-03-31 15:52:42.157  INFO 13208 --- [    Test worker] o.s.s.concurrent.ThreadPoolTaskExecutor  : Initializing ExecutorService 'applicationTaskExecutor'
2023-03-31 15:52:42.267  WARN 13208 --- [    Test worker] o.s.data.convert.CustomConversions       : Registering converter from class java.time.LocalDateTime to class java.time.Instant as reading converter although it doesn't convert from a store-supported type! You might wanna check you annotation setup at the converter implementation.
2023-03-31 15:52:42.267  WARN 13208 --- [    Test worker] o.s.data.convert.CustomConversions       : Registering converter from class java.time.Instant to class java.time.LocalDateTime as reading converter although it doesn't convert from a store-supported type! You might wanna check you annotation setup at the converter implementation.
2023-03-31 15:52:42.281  WARN 13208 --- [    Test worker] o.s.data.convert.CustomConversions       : Registering converter from class java.time.LocalDateTime to class java.time.Instant as reading converter although it doesn't convert from a store-supported type! You might wanna check you annotation setup at the converter implementation.
2023-03-31 15:52:42.282  WARN 13208 --- [    Test worker] o.s.data.convert.CustomConversions       : Registering converter from class java.time.Instant to class java.time.LocalDateTime as reading converter although it doesn't convert from a store-supported type! You might wanna check you annotation setup at the converter implementation.
2023-03-31 15:52:42.326  INFO 13208 --- [    Test worker] com.mindex.challenge.DataBootstrapTest   : Started DataBootstrapTest in 0.617 seconds (JVM running for 4.449)
]]></system-out>
  <system-err><![CDATA[]]></system-err>
</testsuite>
