<?xml version="1.0" encoding="UTF-8"?>
<testsuite name="com.mindex.challenge.DataBootstrapTest" tests="1" skipped="0" failures="0" errors="0" timestamp="2023-03-30T05:58:42" hostname="DESKTOP-28CRF2M" time="0.004">
  <properties/>
  <testcase name="test" classname="com.mindex.challenge.DataBootstrapTest" time="0.004"/>
  <system-out><![CDATA[2023-03-30 00:58:42.312  INFO 15004 --- [    Test worker] .b.t.c.SpringBootTestContextBootstrapper : Neither @ContextConfiguration nor @ContextHierarchy found for test class [com.mindex.challenge.DataBootstrapTest], using SpringBootContextLoader
2023-03-30 00:58:42.313  INFO 15004 --- [    Test worker] o.s.t.c.support.AbstractContextLoader    : Could not detect default resource locations for test class [com.mindex.challenge.DataBootstrapTest]: no resource found for suffixes {-context.xml, Context.groovy}.
2023-03-30 00:58:42.314  INFO 15004 --- [    Test worker] t.c.s.AnnotationConfigContextLoaderUtils : Could not detect default configuration classes for test class [com.mindex.challenge.DataBootstrapTest]: DataBootstrapTest does not declare any static, non-private, non-final, nested classes annotated with @Configuration.
2023-03-30 00:58:42.315  INFO 15004 --- [    Test worker] .b.t.c.SpringBootTestContextBootstrapper : Found @SpringBootConfiguration com.mindex.challenge.ChallengeApplication for test class com.mindex.challenge.DataBootstrapTest
2023-03-30 00:58:42.316  INFO 15004 --- [    Test worker] .b.t.c.SpringBootTestContextBootstrapper : Loaded default TestExecutionListener class names from location [META-INF/spring.factories]: [org.springframework.boot.test.autoconfigure.restdocs.RestDocsTestExecutionListener, org.springframework.boot.test.autoconfigure.web.client.MockRestServiceServerResetTestExecutionListener, org.springframework.boot.test.autoconfigure.web.servlet.MockMvcPrintOnlyOnFailureTestExecutionListener, org.springframework.boot.test.autoconfigure.web.servlet.WebDriverTestExecutionListener, org.springframework.boot.test.mock.mockito.MockitoTestExecutionListener, org.springframework.boot.test.mock.mockito.ResetMocksTestExecutionListener, org.springframework.test.context.web.ServletTestExecutionListener, org.springframework.test.context.support.DirtiesContextBeforeModesTestExecutionListener, org.springframework.test.context.support.DependencyInjectionTestExecutionListener, org.springframework.test.context.support.DirtiesContextTestExecutionListener, org.springframework.test.context.transaction.TransactionalTestExecutionListener, org.springframework.test.context.jdbc.SqlScriptsTestExecutionListener, org.springframework.test.context.event.EventPublishingTestExecutionListener]
2023-03-30 00:58:42.316  INFO 15004 --- [    Test worker] .b.t.c.SpringBootTestContextBootstrapper : Using TestExecutionListeners: [org.springframework.test.context.web.ServletTestExecutionListener@11215b48, org.springframework.test.context.support.DirtiesContextBeforeModesTestExecutionListener@4e757873, org.springframework.boot.test.mock.mockito.MockitoTestExecutionListener@3a556f19, org.springframework.boot.test.autoconfigure.SpringBootDependencyInjectionTestExecutionListener@6a7d9e3f, org.springframework.test.context.support.DirtiesContextTestExecutionListener@719d7323, org.springframework.test.context.transaction.TransactionalTestExecutionListener@14ce2b83, org.springframework.test.context.jdbc.SqlScriptsTestExecutionListener@5f2b3a4, org.springframework.test.context.event.EventPublishingTestExecutionListener@3f84943, org.springframework.boot.test.autoconfigure.restdocs.RestDocsTestExecutionListener@19662674, org.springframework.boot.test.autoconfigure.web.client.MockRestServiceServerResetTestExecutionListener@7c1194e8, org.springframework.boot.test.autoconfigure.web.servlet.MockMvcPrintOnlyOnFailureTestExecutionListener@6c6e675d, org.springframework.boot.test.autoconfigure.web.servlet.WebDriverTestExecutionListener@2d1d89c2, org.springframework.boot.test.mock.mockito.ResetMocksTestExecutionListener@5e04f93]
]]></system-out>
  <system-err><![CDATA[]]></system-err>
</testsuite>
