<?xml version="1.0" encoding="UTF-8"?>
<testsuite name="com.mindex.challenge.ChallengeApplicationTests" tests="3" skipped="0" failures="0" errors="0" timestamp="2023-03-31T20:52:41" hostname="DESKTOP-28CRF2M" time="0.55">
  <properties/>
  <testcase name="testRestEndpoint" classname="com.mindex.challenge.ChallengeApplicationTests" time="0.511"/>
  <testcase name="calcNumberOfReportsTest" classname="com.mindex.challenge.ChallengeApplicationTests" time="0.033"/>
  <testcase name="contextLoads" classname="com.mindex.challenge.ChallengeApplicationTests" time="0.001"/>
  <system-out><![CDATA[15:52:38.317 [Test worker] DEBUG org.springframework.test.context.junit4.SpringJUnit4ClassRunner - SpringJUnit4ClassRunner constructor called with [class com.mindex.challenge.ChallengeApplicationTests]
15:52:38.323 [Test worker] DEBUG org.springframework.test.context.BootstrapUtils - Instantiating CacheAwareContextLoaderDelegate from class [org.springframework.test.context.cache.DefaultCacheAwareContextLoaderDelegate]
15:52:38.329 [Test worker] DEBUG org.springframework.test.context.BootstrapUtils - Instantiating BootstrapContext using constructor [public org.springframework.test.context.support.DefaultBootstrapContext(java.lang.Class,org.springframework.test.context.CacheAwareContextLoaderDelegate)]
15:52:38.351 [Test worker] DEBUG org.springframework.test.context.BootstrapUtils - Instantiating TestContextBootstrapper for test class [com.mindex.challenge.ChallengeApplicationTests] from class [org.springframework.boot.test.context.SpringBootTestContextBootstrapper]
15:52:38.362 [Test worker] INFO org.springframework.boot.test.context.SpringBootTestContextBootstrapper - Neither @ContextConfiguration nor @ContextHierarchy found for test class [com.mindex.challenge.ChallengeApplicationTests], using SpringBootContextLoader
15:52:38.365 [Test worker] DEBUG org.springframework.test.context.support.AbstractContextLoader - Did not detect default resource location for test class [com.mindex.challenge.ChallengeApplicationTests]: class path resource [com/mindex/challenge/ChallengeApplicationTests-context.xml] does not exist
15:52:38.366 [Test worker] DEBUG org.springframework.test.context.support.AbstractContextLoader - Did not detect default resource location for test class [com.mindex.challenge.ChallengeApplicationTests]: class path resource [com/mindex/challenge/ChallengeApplicationTestsContext.groovy] does not exist
15:52:38.366 [Test worker] INFO org.springframework.test.context.support.AbstractContextLoader - Could not detect default resource locations for test class [com.mindex.challenge.ChallengeApplicationTests]: no resource found for suffixes {-context.xml, Context.groovy}.
15:52:38.366 [Test worker] INFO org.springframework.test.context.support.AnnotationConfigContextLoaderUtils - Could not detect default configuration classes for test class [com.mindex.challenge.ChallengeApplicationTests]: ChallengeApplicationTests does not declare any static, non-private, non-final, nested classes annotated with @Configuration.
15:52:38.396 [Test worker] DEBUG org.springframework.test.context.support.ActiveProfilesUtils - Could not find an 'annotation declaring class' for annotation type [org.springframework.test.context.ActiveProfiles] and class [com.mindex.challenge.ChallengeApplicationTests]
15:52:38.448 [Test worker] DEBUG org.springframework.context.annotation.ClassPathScanningCandidateComponentProvider - Identified candidate component class: file [C:\Users\Lily\Downloads\mindex-java-code-challenge\mindex-java-code-challenge\build\classes\java\main\com\mindex\challenge\ChallengeApplication.class]
15:52:38.450 [Test worker] INFO org.springframework.boot.test.context.SpringBootTestContextBootstrapper - Found @SpringBootConfiguration com.mindex.challenge.ChallengeApplication for test class com.mindex.challenge.ChallengeApplicationTests
15:52:38.527 [Test worker] DEBUG org.springframework.boot.test.context.SpringBootTestContextBootstrapper - @TestExecutionListeners is not present for class [com.mindex.challenge.ChallengeApplicationTests]: using defaults.
15:52:38.528 [Test worker] INFO org.springframework.boot.test.context.SpringBootTestContextBootstrapper - Loaded default TestExecutionListener class names from location [META-INF/spring.factories]: [org.springframework.boot.test.autoconfigure.restdocs.RestDocsTestExecutionListener, org.springframework.boot.test.autoconfigure.web.client.MockRestServiceServerResetTestExecutionListener, org.springframework.boot.test.autoconfigure.web.servlet.MockMvcPrintOnlyOnFailureTestExecutionListener, org.springframework.boot.test.autoconfigure.web.servlet.WebDriverTestExecutionListener, org.springframework.boot.test.mock.mockito.MockitoTestExecutionListener, org.springframework.boot.test.mock.mockito.ResetMocksTestExecutionListener, org.springframework.test.context.web.ServletTestExecutionListener, org.springframework.test.context.support.DirtiesContextBeforeModesTestExecutionListener, org.springframework.test.context.support.DependencyInjectionTestExecutionListener, org.springframework.test.context.support.DirtiesContextTestExecutionListener, org.springframework.test.context.transaction.TransactionalTestExecutionListener, org.springframework.test.context.jdbc.SqlScriptsTestExecutionListener, org.springframework.test.context.event.EventPublishingTestExecutionListener]
15:52:38.541 [Test worker] INFO org.springframework.boot.test.context.SpringBootTestContextBootstrapper - Using TestExecutionListeners: [org.springframework.test.context.web.ServletTestExecutionListener@c1e27fa, org.springframework.test.context.support.DirtiesContextBeforeModesTestExecutionListener@5da795, org.springframework.boot.test.mock.mockito.MockitoTestExecutionListener@786e9f1f, org.springframework.boot.test.autoconfigure.SpringBootDependencyInjectionTestExecutionListener@6c628516, org.springframework.test.context.support.DirtiesContextTestExecutionListener@11be5e97, org.springframework.test.context.transaction.TransactionalTestExecutionListener@7cb2223a, org.springframework.test.context.jdbc.SqlScriptsTestExecutionListener@70a8ccd4, org.springframework.test.context.event.EventPublishingTestExecutionListener@89abde2, org.springframework.boot.test.autoconfigure.restdocs.RestDocsTestExecutionListener@6bb31080, org.springframework.boot.test.autoconfigure.web.client.MockRestServiceServerResetTestExecutionListener@67d4c3e, org.springframework.boot.test.autoconfigure.web.servlet.MockMvcPrintOnlyOnFailureTestExecutionListener@3085ee49, org.springframework.boot.test.autoconfigure.web.servlet.WebDriverTestExecutionListener@6d2d3016, org.springframework.boot.test.mock.mockito.ResetMocksTestExecutionListener@1ee90a23]
15:52:38.543 [Test worker] DEBUG org.springframework.test.annotation.ProfileValueUtils - Retrieved @ProfileValueSourceConfiguration [null] for test class [com.mindex.challenge.ChallengeApplicationTests]
15:52:38.544 [Test worker] DEBUG org.springframework.test.annotation.ProfileValueUtils - Retrieved ProfileValueSource type [class org.springframework.test.annotation.SystemProfileValueSource] for class [com.mindex.challenge.ChallengeApplicationTests]
15:52:38.545 [Test worker] DEBUG org.springframework.test.annotation.ProfileValueUtils - Retrieved @ProfileValueSourceConfiguration [null] for test class [com.mindex.challenge.ChallengeApplicationTests]
15:52:38.545 [Test worker] DEBUG org.springframework.test.annotation.ProfileValueUtils - Retrieved ProfileValueSource type [class org.springframework.test.annotation.SystemProfileValueSource] for class [com.mindex.challenge.ChallengeApplicationTests]
15:52:38.548 [Test worker] DEBUG org.springframework.test.context.support.AbstractDirtiesContextTestExecutionListener - Before test class: context [DefaultTestContext@1352082d testClass = ChallengeApplicationTests, testInstance = [null], testMethod = [null], testException = [null], mergedContextConfiguration = [WebMergedContextConfiguration@18077584 testClass = ChallengeApplicationTests, locations = '{}', classes = '{class com.mindex.challenge.ChallengeApplication}', contextInitializerClasses = '[]', activeProfiles = '{}', propertySourceLocations = '{}', propertySourceProperties = '{org.springframework.boot.test.context.SpringBootTestContextBootstrapper=true, server.port=0}', contextCustomizers = set[org.springframework.boot.test.autoconfigure.properties.PropertyMappingContextCustomizer@0, org.springframework.boot.test.autoconfigure.web.servlet.WebDriverContextCustomizerFactory$Customizer@7542c167, org.springframework.boot.test.context.filter.ExcludeFilterContextCustomizer@4fde3e2a, org.springframework.boot.test.json.DuplicateJsonObjectContextCustomizerFactory$DuplicateJsonObjectContextCustomizer@74a70563, org.springframework.boot.test.mock.mockito.MockitoContextCustomizer@0, org.springframework.boot.test.web.client.TestRestTemplateContextCustomizer@15b4ef2a], resourceBasePath = 'src/main/webapp', contextLoader = 'org.springframework.boot.test.context.SpringBootContextLoader', parent = [null]], attributes = map['org.springframework.test.context.web.ServletTestExecutionListener.activateListener' -> false]], class annotated with @DirtiesContext [false] with mode [null].
15:52:38.550 [Test worker] DEBUG org.springframework.test.annotation.ProfileValueUtils - Retrieved @ProfileValueSourceConfiguration [null] for test class [com.mindex.challenge.ChallengeApplicationTests]
15:52:38.550 [Test worker] DEBUG org.springframework.test.annotation.ProfileValueUtils - Retrieved ProfileValueSource type [class org.springframework.test.annotation.SystemProfileValueSource] for class [com.mindex.challenge.ChallengeApplicationTests]
15:52:38.554 [Test worker] DEBUG org.springframework.test.context.support.DependencyInjectionTestExecutionListener - Performing dependency injection for test context [[DefaultTestContext@1352082d testClass = ChallengeApplicationTests, testInstance = com.mindex.challenge.ChallengeApplicationTests@27b212a8, testMethod = [null], testException = [null], mergedContextConfiguration = [WebMergedContextConfiguration@18077584 testClass = ChallengeApplicationTests, locations = '{}', classes = '{class com.mindex.challenge.ChallengeApplication}', contextInitializerClasses = '[]', activeProfiles = '{}', propertySourceLocations = '{}', propertySourceProperties = '{org.springframework.boot.test.context.SpringBootTestContextBootstrapper=true, server.port=0}', contextCustomizers = set[org.springframework.boot.test.autoconfigure.properties.PropertyMappingContextCustomizer@0, org.springframework.boot.test.autoconfigure.web.servlet.WebDriverContextCustomizerFactory$Customizer@7542c167, org.springframework.boot.test.context.filter.ExcludeFilterContextCustomizer@4fde3e2a, org.springframework.boot.test.json.DuplicateJsonObjectContextCustomizerFactory$DuplicateJsonObjectContextCustomizer@74a70563, org.springframework.boot.test.mock.mockito.MockitoContextCustomizer@0, org.springframework.boot.test.web.client.TestRestTemplateContextCustomizer@15b4ef2a], resourceBasePath = 'src/main/webapp', contextLoader = 'org.springframework.boot.test.context.SpringBootContextLoader', parent = [null]], attributes = map['org.springframework.test.context.web.ServletTestExecutionListener.activateListener' -> false]]].
15:52:38.570 [Test worker] DEBUG org.springframework.test.context.support.TestPropertySourceUtils - Adding inlined properties to environment: {spring.jmx.enabled=false, org.springframework.boot.test.context.SpringBootTestContextBootstrapper=true, server.port=0}

  .   ____          _            __ _ _
 /\\ / ___'_ __ _ _(_)_ __  __ _ \ \ \ \
( ( )\___ | '_ | '_| | '_ \/ _` | \ \ \ \
 \\/  ___)| |_)| | | | | || (_| |  ) ) ) )
  '  |____| .__|_| |_|_| |_\__, | / / / /
 =========|_|==============|___/=/_/_/_/
 :: Spring Boot ::        (v2.2.0.RELEASE)

2023-03-31 15:52:38.784  INFO 13208 --- [    Test worker] c.m.challenge.ChallengeApplicationTests  : Starting ChallengeApplicationTests on DESKTOP-28CRF2M with PID 13208 (started by Lily in C:\Users\Lily\Downloads\mindex-java-code-challenge\mindex-java-code-challenge)
2023-03-31 15:52:38.785 DEBUG 13208 --- [    Test worker] c.m.challenge.ChallengeApplicationTests  : Running with Spring Boot v2.2.0.RELEASE, Spring v5.2.0.RELEASE
2023-03-31 15:52:38.785  INFO 13208 --- [    Test worker] c.m.challenge.ChallengeApplicationTests  : No active profile set, falling back to default profiles: default
2023-03-31 15:52:39.103  INFO 13208 --- [    Test worker] .s.d.r.c.RepositoryConfigurationDelegate : Bootstrapping Spring Data repositories in DEFAULT mode.
2023-03-31 15:52:39.146  INFO 13208 --- [    Test worker] .s.d.r.c.RepositoryConfigurationDelegate : Finished Spring Data repository scanning in 38ms. Found 2 repository interfaces.
2023-03-31 15:52:39.732  INFO 13208 --- [    Test worker] o.s.b.w.embedded.tomcat.TomcatWebServer  : Tomcat initialized with port(s): 0 (http)
2023-03-31 15:52:39.741  INFO 13208 --- [    Test worker] o.apache.catalina.core.StandardService   : Starting service [Tomcat]
2023-03-31 15:52:39.742  INFO 13208 --- [    Test worker] org.apache.catalina.core.StandardEngine  : Starting Servlet engine: [Apache Tomcat/9.0.27]
2023-03-31 15:52:39.840  INFO 13208 --- [    Test worker] o.a.c.c.C.[Tomcat].[localhost].[/]       : Initializing Spring embedded WebApplicationContext
2023-03-31 15:52:39.840  INFO 13208 --- [    Test worker] o.s.web.context.ContextLoader            : Root WebApplicationContext: initialization completed in 1039 ms
2023-03-31 15:52:40.118  INFO 13208 --- [    Test worker] de.bwaldvogel.mongo.MongoServer          : started MongoServer(port: 62088, ssl: false)
2023-03-31 15:52:40.172  INFO 13208 --- [    Test worker] org.mongodb.driver.cluster               : Cluster created with settings {hosts=[127.0.0.1:62088], mode=SINGLE, requiredClusterType=UNKNOWN, serverSelectionTimeout='30000 ms', maxWaitQueueSize=500}
2023-03-31 15:52:40.224  INFO 13208 --- [-server-worker1] d.b.mongo.wire.MongoWireProtocolHandler  : client [id: 0x6ddde3a1, L:/127.0.0.1:62088 - R:/127.0.0.1:62089] connected
2023-03-31 15:52:40.267  INFO 13208 --- [127.0.0.1:62088] org.mongodb.driver.connection            : Opened connection [connectionId{localValue:1}] to 127.0.0.1:62088
2023-03-31 15:52:40.270  INFO 13208 --- [127.0.0.1:62088] org.mongodb.driver.cluster               : Monitor thread successfully connected to server with description ServerDescription{address=127.0.0.1:62088, type=STANDALONE, state=CONNECTED, ok=true, version=ServerVersion{versionList=[3, 0, 0]}, minWireVersion=0, maxWireVersion=2, maxDocumentSize=16777216, logicalSessionTimeoutMinutes=null, roundTripTimeNanos=1122100}
2023-03-31 15:52:40.274  WARN 13208 --- [    Test worker] o.s.data.convert.CustomConversions       : Registering converter from class java.time.LocalDateTime to class java.time.Instant as reading converter although it doesn't convert from a store-supported type! You might wanna check you annotation setup at the converter implementation.
2023-03-31 15:52:40.274  WARN 13208 --- [    Test worker] o.s.data.convert.CustomConversions       : Registering converter from class java.time.Instant to class java.time.LocalDateTime as reading converter although it doesn't convert from a store-supported type! You might wanna check you annotation setup at the converter implementation.
2023-03-31 15:52:40.278  WARN 13208 --- [    Test worker] o.s.data.convert.CustomConversions       : Registering converter from class java.time.LocalDateTime to class java.time.Instant as reading converter although it doesn't convert from a store-supported type! You might wanna check you annotation setup at the converter implementation.
2023-03-31 15:52:40.279  WARN 13208 --- [    Test worker] o.s.data.convert.CustomConversions       : Registering converter from class java.time.Instant to class java.time.LocalDateTime as reading converter although it doesn't convert from a store-supported type! You might wanna check you annotation setup at the converter implementation.
2023-03-31 15:52:40.599  INFO 13208 --- [-server-worker2] d.b.mongo.wire.MongoWireProtocolHandler  : client [id: 0xec0d8f2a, L:/127.0.0.1:62088 - R:/127.0.0.1:62090] connected
2023-03-31 15:52:40.604  INFO 13208 --- [    Test worker] org.mongodb.driver.connection            : Opened connection [connectionId{localValue:2}] to 127.0.0.1:62088
2023-03-31 15:52:40.620  INFO 13208 --- [-server-worker2] d.b.mongo.backend.AbstractMongoBackend   : created database test
2023-03-31 15:52:40.628  INFO 13208 --- [-server-worker2] d.b.mongo.backend.AbstractMongoDatabase  : adding unique _id index for collection employee
2023-03-31 15:52:40.629  INFO 13208 --- [-server-worker2] d.b.mongo.backend.AbstractMongoDatabase  : created collection test.employee
2023-03-31 15:52:40.646  INFO 13208 --- [-server-worker2] d.b.mongo.backend.AbstractMongoDatabase  : adding unique _id index for collection compensation
2023-03-31 15:52:40.646  INFO 13208 --- [-server-worker2] d.b.mongo.backend.AbstractMongoDatabase  : created collection test.compensation
2023-03-31 15:52:40.836  INFO 13208 --- [    Test worker] o.s.s.concurrent.ThreadPoolTaskExecutor  : Initializing ExecutorService 'applicationTaskExecutor'
2023-03-31 15:52:40.998  WARN 13208 --- [    Test worker] o.s.data.convert.CustomConversions       : Registering converter from class java.time.LocalDateTime to class java.time.Instant as reading converter although it doesn't convert from a store-supported type! You might wanna check you annotation setup at the converter implementation.
2023-03-31 15:52:40.999  WARN 13208 --- [    Test worker] o.s.data.convert.CustomConversions       : Registering converter from class java.time.Instant to class java.time.LocalDateTime as reading converter although it doesn't convert from a store-supported type! You might wanna check you annotation setup at the converter implementation.
2023-03-31 15:52:41.017  WARN 13208 --- [    Test worker] o.s.data.convert.CustomConversions       : Registering converter from class java.time.LocalDateTime to class java.time.Instant as reading converter although it doesn't convert from a store-supported type! You might wanna check you annotation setup at the converter implementation.
2023-03-31 15:52:41.017  WARN 13208 --- [    Test worker] o.s.data.convert.CustomConversions       : Registering converter from class java.time.Instant to class java.time.LocalDateTime as reading converter although it doesn't convert from a store-supported type! You might wanna check you annotation setup at the converter implementation.
2023-03-31 15:52:41.096  INFO 13208 --- [    Test worker] o.s.b.w.embedded.tomcat.TomcatWebServer  : Tomcat started on port(s): 62091 (http) with context path ''
2023-03-31 15:52:41.099  INFO 13208 --- [    Test worker] c.m.challenge.ChallengeApplicationTests  : Started ChallengeApplicationTests in 2.527 seconds (JVM running for 3.223)
2023-03-31 15:52:41.383 DEBUG 13208 --- [    Test worker] c.m.c.service.impl.EmployeeServiceImpl   : Reading employee with id [16a596ae-edd3-4847-99fe-c4518e82c86f]
2023-03-31 15:52:41.419 DEBUG 13208 --- [    Test worker] c.m.c.r.ReportingStructureHelper         : Starting calculating reporters for [null]
2023-03-31 15:52:41.419 DEBUG 13208 --- [    Test worker] c.m.c.service.impl.EmployeeServiceImpl   : Reading employee with id [16a596ae-edd3-4847-99fe-c4518e82c86f]
2023-03-31 15:52:41.420 DEBUG 13208 --- [    Test worker] c.m.c.service.impl.EmployeeServiceImpl   : Reading employee with id [b7839309-3348-463b-a7e3-5de1c168beb3]
2023-03-31 15:52:41.422 DEBUG 13208 --- [    Test worker] c.m.c.service.impl.EmployeeServiceImpl   : Reading employee with id [03aa1462-ffa9-4978-901b-7c001562cf6f]
2023-03-31 15:52:41.423 DEBUG 13208 --- [    Test worker] c.m.c.service.impl.EmployeeServiceImpl   : Reading employee with id [62c1084e-6e34-4630-93fd-9153afb65309]
2023-03-31 15:52:41.425 DEBUG 13208 --- [    Test worker] c.m.c.service.impl.EmployeeServiceImpl   : Reading employee with id [c0c2293d-16bd-4603-8e08-638a9d18b22c]
2023-03-31 15:52:41.426 DEBUG 13208 --- [    Test worker] c.m.c.r.ReportingStructureHelper         : Finished calculating reporters for [null]
2023-03-31 15:52:41.522  INFO 13208 --- [o-auto-1-exec-1] o.a.c.c.C.[Tomcat].[localhost].[/]       : Initializing Spring DispatcherServlet 'dispatcherServlet'
2023-03-31 15:52:41.523  INFO 13208 --- [o-auto-1-exec-1] o.s.web.servlet.DispatcherServlet        : Initializing Servlet 'dispatcherServlet'
2023-03-31 15:52:41.540  INFO 13208 --- [o-auto-1-exec-1] o.s.web.servlet.DispatcherServlet        : Completed initialization in 17 ms
2023-03-31 15:52:41.570 DEBUG 13208 --- [o-auto-1-exec-1] c.m.c.controller.CompensationController  : Received employee create request for [com.mindex.challenge.data.Employee@1c6a7e4c]
2023-03-31 15:52:41.570 DEBUG 13208 --- [o-auto-1-exec-1] c.m.c.service.impl.EmployeeServiceImpl   : Creating employee [com.mindex.challenge.data.Employee@1c6a7e4c]
2023-03-31 15:52:41.594 DEBUG 13208 --- [o-auto-1-exec-2] c.m.c.service.impl.EmployeeServiceImpl   : Reading employee with id [0fdea9c7-e866-47b2-9451-dc6d8a4bf4bb]
2023-03-31 15:52:41.596 DEBUG 13208 --- [o-auto-1-exec-2] c.m.c.controller.CompensationController  : Received reporting structure query request for id [0fdea9c7-e866-47b2-9451-dc6d8a4bf4bb] and employee [com.mindex.challenge.data.Employee@32728a31]
2023-03-31 15:52:41.597 DEBUG 13208 --- [o-auto-1-exec-2] c.m.c.r.ReportingStructureHelper         : Starting calculating reporters for [0fdea9c7-e866-47b2-9451-dc6d8a4bf4bb]
2023-03-31 15:52:41.597 DEBUG 13208 --- [o-auto-1-exec-2] c.m.c.service.impl.EmployeeServiceImpl   : Reading employee with id [16a596ae-edd3-4847-99fe-c4518e82c86f]
2023-03-31 15:52:41.598 DEBUG 13208 --- [o-auto-1-exec-2] c.m.c.service.impl.EmployeeServiceImpl   : Reading employee with id [b7839309-3348-463b-a7e3-5de1c168beb3]
2023-03-31 15:52:41.600 DEBUG 13208 --- [o-auto-1-exec-2] c.m.c.service.impl.EmployeeServiceImpl   : Reading employee with id [03aa1462-ffa9-4978-901b-7c001562cf6f]
2023-03-31 15:52:41.602 DEBUG 13208 --- [o-auto-1-exec-2] c.m.c.service.impl.EmployeeServiceImpl   : Reading employee with id [62c1084e-6e34-4630-93fd-9153afb65309]
2023-03-31 15:52:41.604 DEBUG 13208 --- [o-auto-1-exec-2] c.m.c.service.impl.EmployeeServiceImpl   : Reading employee with id [c0c2293d-16bd-4603-8e08-638a9d18b22c]
2023-03-31 15:52:41.605 DEBUG 13208 --- [o-auto-1-exec-2] c.m.c.r.ReportingStructureHelper         : Finished calculating reporters for [0fdea9c7-e866-47b2-9451-dc6d8a4bf4bb]
2023-03-31 15:52:41.628 DEBUG 13208 --- [    Test worker] c.m.c.service.impl.EmployeeServiceImpl   : Reading employee with id [16a596ae-edd3-4847-99fe-c4518e82c86f]
2023-03-31 15:52:41.631 DEBUG 13208 --- [    Test worker] c.m.c.r.ReportingStructureHelper         : Starting calculating reporters for [16a596ae-edd3-4847-99fe-c4518e82c86f]
2023-03-31 15:52:41.631 DEBUG 13208 --- [    Test worker] c.m.c.service.impl.EmployeeServiceImpl   : Reading employee with id [b7839309-3348-463b-a7e3-5de1c168beb3]
2023-03-31 15:52:41.633 DEBUG 13208 --- [    Test worker] c.m.c.service.impl.EmployeeServiceImpl   : Reading employee with id [03aa1462-ffa9-4978-901b-7c001562cf6f]
2023-03-31 15:52:41.635 DEBUG 13208 --- [    Test worker] c.m.c.service.impl.EmployeeServiceImpl   : Reading employee with id [62c1084e-6e34-4630-93fd-9153afb65309]
2023-03-31 15:52:41.637 DEBUG 13208 --- [    Test worker] c.m.c.service.impl.EmployeeServiceImpl   : Reading employee with id [c0c2293d-16bd-4603-8e08-638a9d18b22c]
2023-03-31 15:52:41.639 DEBUG 13208 --- [    Test worker] c.m.c.r.ReportingStructureHelper         : Finished calculating reporters for [16a596ae-edd3-4847-99fe-c4518e82c86f]
2023-03-31 15:52:41.639 DEBUG 13208 --- [    Test worker] c.m.c.service.impl.EmployeeServiceImpl   : Reading employee with id [03aa1462-ffa9-4978-901b-7c001562cf6f]
2023-03-31 15:52:41.640 DEBUG 13208 --- [    Test worker] c.m.c.service.impl.EmployeeServiceImpl   : Reading employee with id [62c1084e-6e34-4630-93fd-9153afb65309]
2023-03-31 15:52:41.641 DEBUG 13208 --- [    Test worker] c.m.c.service.impl.EmployeeServiceImpl   : Updating employee [com.mindex.challenge.data.Employee@73a2d1cd]
2023-03-31 15:52:41.651 DEBUG 13208 --- [    Test worker] c.m.c.r.ReportingStructureHelper         : Starting calculating reporters for [16a596ae-edd3-4847-99fe-c4518e82c86f]
2023-03-31 15:52:41.652 DEBUG 13208 --- [    Test worker] c.m.c.service.impl.EmployeeServiceImpl   : Reading employee with id [b7839309-3348-463b-a7e3-5de1c168beb3]
2023-03-31 15:52:41.653 DEBUG 13208 --- [    Test worker] c.m.c.service.impl.EmployeeServiceImpl   : Reading employee with id [03aa1462-ffa9-4978-901b-7c001562cf6f]
2023-03-31 15:52:41.655 DEBUG 13208 --- [    Test worker] c.m.c.service.impl.EmployeeServiceImpl   : Reading employee with id [62c1084e-6e34-4630-93fd-9153afb65309]
2023-03-31 15:52:41.656 DEBUG 13208 --- [    Test worker] c.m.c.r.ReportingStructureHelper         : Finished calculating reporters for [16a596ae-edd3-4847-99fe-c4518e82c86f]
2023-03-31 15:52:41.656 DEBUG 13208 --- [    Test worker] c.m.c.r.ReportingStructureHelper         : Starting calculating reporters for [03aa1462-ffa9-4978-901b-7c001562cf6f]
2023-03-31 15:52:41.656 DEBUG 13208 --- [    Test worker] c.m.c.service.impl.EmployeeServiceImpl   : Reading employee with id [62c1084e-6e34-4630-93fd-9153afb65309]
2023-03-31 15:52:41.657 DEBUG 13208 --- [    Test worker] c.m.c.r.ReportingStructureHelper         : Finished calculating reporters for [03aa1462-ffa9-4978-901b-7c001562cf6f]
]]></system-out>
  <system-err><![CDATA[]]></system-err>
</testsuite>
