<?xml version="1.0" encoding="UTF-8"?>
<testsuite name="com.mindex.challenge.service.impl.EmployeeServiceImplTest" tests="1" skipped="0" failures="0" errors="0" timestamp="2023-03-30T14:39:15" hostname="DESKTOP-28CRF2M" time="0.146">
  <properties/>
  <testcase name="testCreateReadUpdate" classname="com.mindex.challenge.service.impl.EmployeeServiceImplTest" time="0.146"/>
  <system-out><![CDATA[2023-03-30 09:39:14.778  INFO 9020 --- [    Test worker] .b.t.c.SpringBootTestContextBootstrapper : Neither @ContextConfiguration nor @ContextHierarchy found for test class [com.mindex.challenge.service.impl.EmployeeServiceImplTest], using SpringBootContextLoader
2023-03-30 09:39:14.779  INFO 9020 --- [    Test worker] o.s.t.c.support.AbstractContextLoader    : Could not detect default resource locations for test class [com.mindex.challenge.service.impl.EmployeeServiceImplTest]: no resource found for suffixes {-context.xml, Context.groovy}.
2023-03-30 09:39:14.779  INFO 9020 --- [    Test worker] t.c.s.AnnotationConfigContextLoaderUtils : Could not detect default configuration classes for test class [com.mindex.challenge.service.impl.EmployeeServiceImplTest]: EmployeeServiceImplTest does not declare any static, non-private, non-final, nested classes annotated with @Configuration.
2023-03-30 09:39:14.786  INFO 9020 --- [    Test worker] .b.t.c.SpringBootTestContextBootstrapper : Found @SpringBootConfiguration com.mindex.challenge.ChallengeApplication for test class com.mindex.challenge.service.impl.EmployeeServiceImplTest
2023-03-30 09:39:14.787  INFO 9020 --- [    Test worker] .b.t.c.SpringBootTestContextBootstrapper : Loaded default TestExecutionListener class names from location [META-INF/spring.factories]: [org.springframework.boot.test.autoconfigure.restdocs.RestDocsTestExecutionListener, org.springframework.boot.test.autoconfigure.web.client.MockRestServiceServerResetTestExecutionListener, org.springframework.boot.test.autoconfigure.web.servlet.MockMvcPrintOnlyOnFailureTestExecutionListener, org.springframework.boot.test.autoconfigure.web.servlet.WebDriverTestExecutionListener, org.springframework.boot.test.mock.mockito.MockitoTestExecutionListener, org.springframework.boot.test.mock.mockito.ResetMocksTestExecutionListener, org.springframework.test.context.web.ServletTestExecutionListener, org.springframework.test.context.support.DirtiesContextBeforeModesTestExecutionListener, org.springframework.test.context.support.DependencyInjectionTestExecutionListener, org.springframework.test.context.support.DirtiesContextTestExecutionListener, org.springframework.test.context.transaction.TransactionalTestExecutionListener, org.springframework.test.context.jdbc.SqlScriptsTestExecutionListener, org.springframework.test.context.event.EventPublishingTestExecutionListener]
2023-03-30 09:39:14.787  INFO 9020 --- [    Test worker] .b.t.c.SpringBootTestContextBootstrapper : Using TestExecutionListeners: [org.springframework.test.context.web.ServletTestExecutionListener@1c976a47, org.springframework.test.context.support.DirtiesContextBeforeModesTestExecutionListener@6c23863f, org.springframework.boot.test.mock.mockito.MockitoTestExecutionListener@775eed86, org.springframework.boot.test.autoconfigure.SpringBootDependencyInjectionTestExecutionListener@ff72021, org.springframework.test.context.support.DirtiesContextTestExecutionListener@2895b6ca, org.springframework.test.context.transaction.TransactionalTestExecutionListener@58f7cf99, org.springframework.test.context.jdbc.SqlScriptsTestExecutionListener@58453bdc, org.springframework.test.context.event.EventPublishingTestExecutionListener@6e05eedd, org.springframework.boot.test.autoconfigure.restdocs.RestDocsTestExecutionListener@6b233631, org.springframework.boot.test.autoconfigure.web.client.MockRestServiceServerResetTestExecutionListener@dcea7cb, org.springframework.boot.test.autoconfigure.web.servlet.MockMvcPrintOnlyOnFailureTestExecutionListener@7c24f675, org.springframework.boot.test.autoconfigure.web.servlet.WebDriverTestExecutionListener@3d969c2a, org.springframework.boot.test.mock.mockito.ResetMocksTestExecutionListener@4ff6b717]

  .   ____          _            __ _ _
 /\\ / ___'_ __ _ _(_)_ __  __ _ \ \ \ \
( ( )\___ | '_ | '_| | '_ \/ _` | \ \ \ \
 \\/  ___)| |_)| | | | | || (_| |  ) ) ) )
  '  |____| .__|_| |_|_| |_\__, | / / / /
 =========|_|==============|___/=/_/_/_/
 :: Spring Boot ::        (v2.2.0.RELEASE)

2023-03-30 09:39:14.809  INFO 9020 --- [    Test worker] c.m.c.s.impl.EmployeeServiceImplTest     : Starting EmployeeServiceImplTest on DESKTOP-28CRF2M with PID 9020 (started by Lily in C:\Users\Lily\Downloads\mindex-java-code-challenge\mindex-java-code-challenge)
2023-03-30 09:39:14.809 DEBUG 9020 --- [    Test worker] c.m.c.s.impl.EmployeeServiceImplTest     : Running with Spring Boot v2.2.0.RELEASE, Spring v5.2.0.RELEASE
2023-03-30 09:39:14.809  INFO 9020 --- [    Test worker] c.m.c.s.impl.EmployeeServiceImplTest     : No active profile set, falling back to default profiles: default
2023-03-30 09:39:14.907  INFO 9020 --- [    Test worker] .s.d.r.c.RepositoryConfigurationDelegate : Bootstrapping Spring Data repositories in DEFAULT mode.
2023-03-30 09:39:14.911  INFO 9020 --- [    Test worker] .s.d.r.c.RepositoryConfigurationDelegate : Finished Spring Data repository scanning in 4ms. Found 1 repository interfaces.
2023-03-30 09:39:15.098  INFO 9020 --- [    Test worker] o.s.b.w.embedded.tomcat.TomcatWebServer  : Tomcat initialized with port(s): 0 (http)
2023-03-30 09:39:15.107  INFO 9020 --- [    Test worker] o.apache.catalina.core.StandardService   : Starting service [Tomcat]
2023-03-30 09:39:15.107  INFO 9020 --- [    Test worker] org.apache.catalina.core.StandardEngine  : Starting Servlet engine: [Apache Tomcat/9.0.27]
2023-03-30 09:39:15.190  INFO 9020 --- [    Test worker] o.a.c.c.C.[Tomcat].[localhost].[/]       : Initializing Spring embedded WebApplicationContext
2023-03-30 09:39:15.190  INFO 9020 --- [    Test worker] o.s.web.context.ContextLoader            : Root WebApplicationContext: initialization completed in 378 ms
2023-03-30 09:39:15.293  INFO 9020 --- [    Test worker] de.bwaldvogel.mongo.MongoServer          : started MongoServer(port: 63618, ssl: false)
2023-03-30 09:39:15.295  INFO 9020 --- [    Test worker] org.mongodb.driver.cluster               : Cluster created with settings {hosts=[127.0.0.1:63618], mode=SINGLE, requiredClusterType=UNKNOWN, serverSelectionTimeout='30000 ms', maxWaitQueueSize=500}
2023-03-30 09:39:15.297  INFO 9020 --- [-server-worker1] d.b.mongo.wire.MongoWireProtocolHandler  : client [id: 0xd96b32a0, L:/127.0.0.1:63618 - R:/127.0.0.1:63619] connected
2023-03-30 09:39:15.301  WARN 9020 --- [    Test worker] o.s.data.convert.CustomConversions       : Registering converter from class java.time.LocalDateTime to class java.time.Instant as reading converter although it doesn't convert from a store-supported type! You might wanna check you annotation setup at the converter implementation.
2023-03-30 09:39:15.301  WARN 9020 --- [    Test worker] o.s.data.convert.CustomConversions       : Registering converter from class java.time.Instant to class java.time.LocalDateTime as reading converter although it doesn't convert from a store-supported type! You might wanna check you annotation setup at the converter implementation.
2023-03-30 09:39:15.302  WARN 9020 --- [    Test worker] o.s.data.convert.CustomConversions       : Registering converter from class java.time.LocalDateTime to class java.time.Instant as reading converter although it doesn't convert from a store-supported type! You might wanna check you annotation setup at the converter implementation.
2023-03-30 09:39:15.303  WARN 9020 --- [    Test worker] o.s.data.convert.CustomConversions       : Registering converter from class java.time.Instant to class java.time.LocalDateTime as reading converter although it doesn't convert from a store-supported type! You might wanna check you annotation setup at the converter implementation.
2023-03-30 09:39:15.303  INFO 9020 --- [127.0.0.1:63618] org.mongodb.driver.connection            : Opened connection [connectionId{localValue:3}] to 127.0.0.1:63618
2023-03-30 09:39:15.304  INFO 9020 --- [127.0.0.1:63618] org.mongodb.driver.cluster               : Monitor thread successfully connected to server with description ServerDescription{address=127.0.0.1:63618, type=STANDALONE, state=CONNECTED, ok=true, version=ServerVersion{versionList=[3, 0, 0]}, minWireVersion=0, maxWireVersion=2, maxDocumentSize=16777216, logicalSessionTimeoutMinutes=null, roundTripTimeNanos=626800}
2023-03-30 09:39:15.344  INFO 9020 --- [-server-worker2] d.b.mongo.wire.MongoWireProtocolHandler  : client [id: 0xb49d3ce4, L:/127.0.0.1:63618 - R:/127.0.0.1:63620] connected
2023-03-30 09:39:15.349  INFO 9020 --- [    Test worker] org.mongodb.driver.connection            : Opened connection [connectionId{localValue:4}] to 127.0.0.1:63618
2023-03-30 09:39:15.350  INFO 9020 --- [-server-worker2] d.b.mongo.backend.AbstractMongoBackend   : created database test
2023-03-30 09:39:15.350  INFO 9020 --- [-server-worker2] d.b.mongo.backend.AbstractMongoDatabase  : adding unique _id index for collection employee
2023-03-30 09:39:15.350  INFO 9020 --- [-server-worker2] d.b.mongo.backend.AbstractMongoDatabase  : created collection test.employee
2023-03-30 09:39:15.451  INFO 9020 --- [    Test worker] o.s.s.concurrent.ThreadPoolTaskExecutor  : Initializing ExecutorService 'applicationTaskExecutor'
2023-03-30 09:39:15.528  WARN 9020 --- [    Test worker] o.s.data.convert.CustomConversions       : Registering converter from class java.time.LocalDateTime to class java.time.Instant as reading converter although it doesn't convert from a store-supported type! You might wanna check you annotation setup at the converter implementation.
2023-03-30 09:39:15.528  WARN 9020 --- [    Test worker] o.s.data.convert.CustomConversions       : Registering converter from class java.time.Instant to class java.time.LocalDateTime as reading converter although it doesn't convert from a store-supported type! You might wanna check you annotation setup at the converter implementation.
2023-03-30 09:39:15.538  WARN 9020 --- [    Test worker] o.s.data.convert.CustomConversions       : Registering converter from class java.time.LocalDateTime to class java.time.Instant as reading converter although it doesn't convert from a store-supported type! You might wanna check you annotation setup at the converter implementation.
2023-03-30 09:39:15.539  WARN 9020 --- [    Test worker] o.s.data.convert.CustomConversions       : Registering converter from class java.time.Instant to class java.time.LocalDateTime as reading converter although it doesn't convert from a store-supported type! You might wanna check you annotation setup at the converter implementation.
2023-03-30 09:39:15.599  INFO 9020 --- [    Test worker] o.s.b.w.embedded.tomcat.TomcatWebServer  : Tomcat started on port(s): 63622 (http) with context path ''
2023-03-30 09:39:15.600  INFO 9020 --- [    Test worker] c.m.c.s.impl.EmployeeServiceImplTest     : Started EmployeeServiceImplTest in 0.811 seconds (JVM running for 3.883)
2023-03-30 09:39:15.686  INFO 9020 --- [o-auto-1-exec-1] o.a.c.c.C.[Tomcat].[localhost].[/]       : Initializing Spring DispatcherServlet 'dispatcherServlet'
2023-03-30 09:39:15.686  INFO 9020 --- [o-auto-1-exec-1] o.s.web.servlet.DispatcherServlet        : Initializing Servlet 'dispatcherServlet'
2023-03-30 09:39:15.701  INFO 9020 --- [o-auto-1-exec-1] o.s.web.servlet.DispatcherServlet        : Completed initialization in 15 ms
2023-03-30 09:39:15.725 DEBUG 9020 --- [o-auto-1-exec-1] c.m.c.controller.EmployeeController      : Received employee create request for [com.mindex.challenge.data.Employee@148531ac]
2023-03-30 09:39:15.725 DEBUG 9020 --- [o-auto-1-exec-1] c.m.c.service.impl.EmployeeServiceImpl   : Creating employee [com.mindex.challenge.data.Employee@148531ac]
2023-03-30 09:39:15.739 DEBUG 9020 --- [o-auto-1-exec-2] c.m.c.controller.EmployeeController      : Received employee create request for id [4b68a0c4-005b-4fd7-854f-963761ef67f3]
2023-03-30 09:39:15.739 DEBUG 9020 --- [o-auto-1-exec-2] c.m.c.service.impl.EmployeeServiceImpl   : Creating employee with id [4b68a0c4-005b-4fd7-854f-963761ef67f3]
2023-03-30 09:39:15.745 DEBUG 9020 --- [o-auto-1-exec-3] c.m.c.controller.EmployeeController      : Received employee create request for id [4b68a0c4-005b-4fd7-854f-963761ef67f3] and employee [com.mindex.challenge.data.Employee@4e7ba403]
2023-03-30 09:39:15.745 DEBUG 9020 --- [o-auto-1-exec-3] c.m.c.service.impl.EmployeeServiceImpl   : Updating employee [com.mindex.challenge.data.Employee@4e7ba403]
]]></system-out>
  <system-err><![CDATA[]]></system-err>
</testsuite>
