<?xml version="1.0" encoding="UTF-8"?>
<testsuite name="com.mindex.challenge.CompensationServiceImplTest" tests="1" skipped="0" failures="0" errors="0" timestamp="2023-03-31T20:52:41" hostname="DESKTOP-28CRF2M" time="0.027">
  <properties/>
  <testcase name="testCreateReadUpdate" classname="com.mindex.challenge.CompensationServiceImplTest" time="0.027"/>
  <system-out><![CDATA[2023-03-31 15:52:41.663  INFO 13208 --- [    Test worker] .b.t.c.SpringBootTestContextBootstrapper : Neither @ContextConfiguration nor @ContextHierarchy found for test class [com.mindex.challenge.CompensationServiceImplTest], using SpringBootContextLoader
2023-03-31 15:52:41.664  INFO 13208 --- [    Test worker] o.s.t.c.support.AbstractContextLoader    : Could not detect default resource locations for test class [com.mindex.challenge.CompensationServiceImplTest]: no resource found for suffixes {-context.xml, Context.groovy}.
2023-03-31 15:52:41.664  INFO 13208 --- [    Test worker] t.c.s.AnnotationConfigContextLoaderUtils : Could not detect default configuration classes for test class [com.mindex.challenge.CompensationServiceImplTest]: CompensationServiceImplTest does not declare any static, non-private, non-final, nested classes annotated with @Configuration.
2023-03-31 15:52:41.665  INFO 13208 --- [    Test worker] .b.t.c.SpringBootTestContextBootstrapper : Found @SpringBootConfiguration com.mindex.challenge.ChallengeApplication for test class com.mindex.challenge.CompensationServiceImplTest
2023-03-31 15:52:41.666  INFO 13208 --- [    Test worker] .b.t.c.SpringBootTestContextBootstrapper : Loaded default TestExecutionListener class names from location [META-INF/spring.factories]: [org.springframework.boot.test.autoconfigure.restdocs.RestDocsTestExecutionListener, org.springframework.boot.test.autoconfigure.web.client.MockRestServiceServerResetTestExecutionListener, org.springframework.boot.test.autoconfigure.web.servlet.MockMvcPrintOnlyOnFailureTestExecutionListener, org.springframework.boot.test.autoconfigure.web.servlet.WebDriverTestExecutionListener, org.springframework.boot.test.mock.mockito.MockitoTestExecutionListener, org.springframework.boot.test.mock.mockito.ResetMocksTestExecutionListener, org.springframework.test.context.web.ServletTestExecutionListener, org.springframework.test.context.support.DirtiesContextBeforeModesTestExecutionListener, org.springframework.test.context.support.DependencyInjectionTestExecutionListener, org.springframework.test.context.support.DirtiesContextTestExecutionListener, org.springframework.test.context.transaction.TransactionalTestExecutionListener, org.springframework.test.context.jdbc.SqlScriptsTestExecutionListener, org.springframework.test.context.event.EventPublishingTestExecutionListener]
2023-03-31 15:52:41.666  INFO 13208 --- [    Test worker] .b.t.c.SpringBootTestContextBootstrapper : Using TestExecutionListeners: [org.springframework.test.context.web.ServletTestExecutionListener@159e1563, org.springframework.test.context.support.DirtiesContextBeforeModesTestExecutionListener@29b78a2, org.springframework.boot.test.mock.mockito.MockitoTestExecutionListener@742fc8da, org.springframework.boot.test.autoconfigure.SpringBootDependencyInjectionTestExecutionListener@536ce97b, org.springframework.test.context.support.DirtiesContextTestExecutionListener@36bccb78, org.springframework.test.context.transaction.TransactionalTestExecutionListener@6f3bfb65, org.springframework.test.context.jdbc.SqlScriptsTestExecutionListener@65589740, org.springframework.test.context.event.EventPublishingTestExecutionListener@51cb9da1, org.springframework.boot.test.autoconfigure.restdocs.RestDocsTestExecutionListener@1fc7beb, org.springframework.boot.test.autoconfigure.web.client.MockRestServiceServerResetTestExecutionListener@312c5862, org.springframework.boot.test.autoconfigure.web.servlet.MockMvcPrintOnlyOnFailureTestExecutionListener@10ef3b90, org.springframework.boot.test.autoconfigure.web.servlet.WebDriverTestExecutionListener@1dc49ab9, org.springframework.boot.test.mock.mockito.ResetMocksTestExecutionListener@7f8589c9]
2023-03-31 15:52:41.674 DEBUG 13208 --- [o-auto-1-exec-3] c.m.c.controller.EmployeeController      : Received compensation create request for [com.mindex.challenge.data.Compensation@4991a309]
2023-03-31 15:52:41.675 DEBUG 13208 --- [o-auto-1-exec-3] c.m.c.s.impl.CompensationServiceImpl     : Creating compensation [com.mindex.challenge.data.Compensation@4991a309]
2023-03-31 15:52:41.680 DEBUG 13208 --- [o-auto-1-exec-4] c.m.c.controller.EmployeeController      : Received compensation read request for id [7153c411-237b-42c1-a180-d24125ac5928]
2023-03-31 15:52:41.680 DEBUG 13208 --- [o-auto-1-exec-4] c.m.c.s.impl.CompensationServiceImpl     : Reading compensation with id [7153c411-237b-42c1-a180-d24125ac5928]
2023-03-31 15:52:41.691 DEBUG 13208 --- [o-auto-1-exec-5] c.m.c.controller.EmployeeController      : Received employee update request for employee id [7153c411-237b-42c1-a180-d24125ac5928]
2023-03-31 15:52:41.692 DEBUG 13208 --- [o-auto-1-exec-5] c.m.c.s.impl.CompensationServiceImpl     : Updating compensation [com.mindex.challenge.data.Compensation@77a17f44]
]]></system-out>
  <system-err><![CDATA[]]></system-err>
</testsuite>
